Using pre-set license
Built from '2021.3/staging' branch; Version is '2021.3.5f1 (40eb3a945986) revision 4254522'; Using compiler version '192829333'; Build Type 'Release'
OS: 'Windows 10  (10.0.19044) 64bit Core' Language: 'es' Physical Memory: 16255 MB
BatchMode: 1, IsHumanControllingUs: 0, StartBugReporterOnCrash: 0, Is64bit: 1, IsPro: 1

COMMAND LINE ARGUMENTS:
E:\Unity\2021.3.5f1\Editor\Unity.exe
-adb2
-batchMode
-noUpm
-name
AssetImportWorker0
-projectPath
E:/WeaponsSystemFPSArcade/Weapons System ARCADE Veapons
-logFile
Logs/AssetImportWorker0.log
-srvPort
49166
Successfully changed project path to: E:/WeaponsSystemFPSArcade/Weapons System ARCADE Veapons
E:/WeaponsSystemFPSArcade/Weapons System ARCADE Veapons
[UnityMemory] Configuration Parameters - Can be set up in boot.config
    "memorysetup-bucket-allocator-granularity=16"
    "memorysetup-bucket-allocator-bucket-count=8"
    "memorysetup-bucket-allocator-block-size=33554432"
    "memorysetup-bucket-allocator-block-count=8"
    "memorysetup-main-allocator-block-size=16777216"
    "memorysetup-thread-allocator-block-size=16777216"
    "memorysetup-gfx-main-allocator-block-size=16777216"
    "memorysetup-gfx-thread-allocator-block-size=16777216"
    "memorysetup-cache-allocator-block-size=4194304"
    "memorysetup-typetree-allocator-block-size=2097152"
    "memorysetup-profiler-bucket-allocator-granularity=16"
    "memorysetup-profiler-bucket-allocator-bucket-count=8"
    "memorysetup-profiler-bucket-allocator-block-size=33554432"
    "memorysetup-profiler-bucket-allocator-block-count=8"
    "memorysetup-profiler-allocator-block-size=16777216"
    "memorysetup-profiler-editor-allocator-block-size=1048576"
    "memorysetup-temp-allocator-size-main=16777216"
    "memorysetup-job-temp-allocator-block-size=2097152"
    "memorysetup-job-temp-allocator-block-size-background=1048576"
    "memorysetup-job-temp-allocator-reduction-small-platforms=262144"
    "memorysetup-temp-allocator-size-background-worker=32768"
    "memorysetup-temp-allocator-size-job-worker=262144"
    "memorysetup-temp-allocator-size-preload-manager=33554432"
    "memorysetup-temp-allocator-size-nav-mesh-worker=65536"
    "memorysetup-temp-allocator-size-audio-worker=65536"
    "memorysetup-temp-allocator-size-cloud-worker=32768"
    "memorysetup-temp-allocator-size-gi-baking-worker=262144"
    "memorysetup-temp-allocator-size-gfx=262144"
Refreshing native plugins compatible for Editor in 191.39 ms, found 3 plugins.
Preloading 0 native plugins for Editor in 0.00 ms.
Initialize engine version: 2021.3.5f1 (40eb3a945986)
[Subsystems] Discovering subsystems at path E:/Unity/2021.3.5f1/Editor/Data/Resources/UnitySubsystems
[Subsystems] Discovering subsystems at path E:/WeaponsSystemFPSArcade/Weapons System ARCADE Veapons/Assets
GfxDevice: creating device client; threaded=0; jobified=0
Direct3D:
    Version:  Direct3D 11.0 [level 11.1]
    Renderer: NVIDIA GeForce GTX 1070 (ID=0x1ba1)
    Vendor:   NVIDIA
    VRAM:     8081 MB
    Driver:   31.0.15.1694
Initialize mono
Mono path[0] = 'E:/Unity/2021.3.5f1/Editor/Data/Managed'
Mono path[1] = 'E:/Unity/2021.3.5f1/Editor/Data/MonoBleedingEdge/lib/mono/unityjit-win32'
Mono config path = 'E:/Unity/2021.3.5f1/Editor/Data/MonoBleedingEdge/etc'
Using monoOptions --debugger-agent=transport=dt_socket,embedding=1,server=y,suspend=n,address=127.0.0.1:56824
Begin MonoManager ReloadAssembly
Registering precompiled unity dll's ...
Register platform support module: E:/Unity/2021.3.5f1/Editor/Data/PlaybackEngines/WebGLSupport/UnityEditor.WebGL.Extensions.dll
Register platform support module: E:/Unity/2021.3.5f1/Editor/Data/PlaybackEngines/WindowsStandaloneSupport/UnityEditor.WindowsStandalone.Extensions.dll
Register platform support module: E:/Unity/2021.3.5f1/Editor/Data/PlaybackEngines/MetroSupport/UnityEditor.UWP.Extensions.dll
Registered in 0.005753 seconds.
Native extension for UWP target not found
Native extension for WindowsStandalone target not found
Native extension for WebGL target not found
Refreshing native plugins compatible for Editor in 162.51 ms, found 3 plugins.
Preloading 0 native plugins for Editor in 0.00 ms.
Mono: successfully reloaded assembly
- Completed reload, in  1.103 seconds
Domain Reload Profiling:
	ReloadAssembly (1104ms)
		BeginReloadAssembly (121ms)
			ExecutionOrderSort (0ms)
			DisableScriptedObjects (0ms)
			BackupInstance (0ms)
			ReleaseScriptingObjects (0ms)
			CreateAndSetChildDomain (1ms)
		EndReloadAssembly (808ms)
			LoadAssemblies (121ms)
			RebuildTransferFunctionScriptingTraits (0ms)
			SetupTypeCache (187ms)
			ReleaseScriptCaches (0ms)
			RebuildScriptCaches (52ms)
			SetupLoadedEditorAssemblies (485ms)
				LogAssemblyErrors (0ms)
				InitializePlatformSupportModulesInManaged (15ms)
				SetLoadedEditorAssemblies (0ms)
				RefreshPlugins (164ms)
				BeforeProcessingInitializeOnLoad (4ms)
				ProcessInitializeOnLoadAttributes (234ms)
				ProcessInitializeOnLoadMethodAttributes (68ms)
				AfterProcessingInitializeOnLoad (0ms)
				EditorAssembliesLoaded (0ms)
			ExecutionOrderSort2 (0ms)
			AwakeInstancesAfterBackupRestoration (0ms)
Platform modules already initialized, skipping
Registering precompiled user dll's ...
Registered in 0.006287 seconds.
Begin MonoManager ReloadAssembly
Symbol file LoadedFromMemory doesn't match image E:\WeaponsSystemFPSArcade\Weapons System ARCADE Veapons\Library\PackageCache\com.unity.visualscripting@1.7.8\Editor\VisualScripting.Core\Dependencies\YamlDotNet\Unity.VisualScripting.YamlDotNet.dll
Symbol file LoadedFromMemory doesn't match image E:\WeaponsSystemFPSArcade\Weapons System ARCADE Veapons\Library\PackageCache\com.unity.visualscripting@1.7.8\Editor\VisualScripting.Core\Dependencies\DotNetZip\Unity.VisualScripting.IonicZip.dll
Native extension for UWP target not found
Native extension for WindowsStandalone target not found
Native extension for WebGL target not found
Refreshing native plugins compatible for Editor in 0.88 ms, found 3 plugins.
Preloading 0 native plugins for Editor in 0.00 ms.
Mono: successfully reloaded assembly
- Completed reload, in  2.211 seconds
Domain Reload Profiling:
	ReloadAssembly (2213ms)
		BeginReloadAssembly (233ms)
			ExecutionOrderSort (0ms)
			DisableScriptedObjects (10ms)
			BackupInstance (0ms)
			ReleaseScriptingObjects (0ms)
			CreateAndSetChildDomain (35ms)
		EndReloadAssembly (1681ms)
			LoadAssemblies (177ms)
			RebuildTransferFunctionScriptingTraits (0ms)
			SetupTypeCache (553ms)
			ReleaseScriptCaches (1ms)
			RebuildScriptCaches (122ms)
			SetupLoadedEditorAssemblies (799ms)
				LogAssemblyErrors (0ms)
				InitializePlatformSupportModulesInManaged (12ms)
				SetLoadedEditorAssemblies (1ms)
				RefreshPlugins (1ms)
				BeforeProcessingInitializeOnLoad (152ms)
				ProcessInitializeOnLoadAttributes (564ms)
				ProcessInitializeOnLoadMethodAttributes (65ms)
				AfterProcessingInitializeOnLoad (4ms)
				EditorAssembliesLoaded (0ms)
			ExecutionOrderSort2 (0ms)
			AwakeInstancesAfterBackupRestoration (11ms)
Platform modules already initialized, skipping
========================================================================
Worker process is ready to serve import requests
Launched and connected shader compiler UnityShaderCompiler.exe after 0.07 seconds
Refreshing native plugins compatible for Editor in 0.84 ms, found 3 plugins.
Preloading 0 native plugins for Editor in 0.00 ms.
Unloading 4029 Unused Serialized files (Serialized files now loaded: 0)
Unloading 44 unused Assets / (1.4 MB). Loaded Objects now: 4505.
Memory consumption went from 230.9 MB to 229.5 MB.
Total: 4.693400 ms (FindLiveObjects: 0.446200 ms CreateObjectMapping: 0.369900 ms MarkObjects: 3.462900 ms  DeleteObjects: 0.413100 ms)

AssetImportParameters requested are different than current active one (requested -> active):
  custom:video-decoder-ogg-theora: a1e56fd34408186e4bbccfd4996cb3dc -> 
  custom:container-muxer-webm: aa71ff27fc2769a1b78a27578f13a17b -> 
  custom:container-demuxer-webm: 4f35f7cbe854078d1ac9338744f61a02 -> 
  custom:video-encoder-webm-vp8: eb34c28f22e8b96e1ab97ce403110664 -> 
  custom:audio-encoder-webm-vorbis: bf7c407c2cedff20999df2af8eb42d56 -> 
  custom:framework-win-MediaFoundation: 216162199b28c13a410421893ffa2e32 -> 
  custom:container-demuxer-ogg: 62fdf1f143b41e24485cea50d1cbac27 -> 
  custom:video-decoder-webm-vp8: 9c59270c3fd7afecdb556c50c9e8de78 -> 
  custom:audio-decoder-ogg-vorbis: bf7c407c2cedff20999df2af8eb42d56 -> 
========================================================================
Received Prepare
Registering precompiled user dll's ...
Registered in 0.007785 seconds.
Begin MonoManager ReloadAssembly
Symbol file LoadedFromMemory doesn't match image E:\WeaponsSystemFPSArcade\Weapons System ARCADE Veapons\Library\PackageCache\com.unity.visualscripting@1.7.8\Editor\VisualScripting.Core\Dependencies\YamlDotNet\Unity.VisualScripting.YamlDotNet.dll
Symbol file LoadedFromMemory doesn't match image E:\WeaponsSystemFPSArcade\Weapons System ARCADE Veapons\Library\PackageCache\com.unity.visualscripting@1.7.8\Editor\VisualScripting.Core\Dependencies\DotNetZip\Unity.VisualScripting.IonicZip.dll
Native extension for UWP target not found
Native extension for WindowsStandalone target not found
Native extension for WebGL target not found
Refreshing native plugins compatible for Editor in 0.80 ms, found 3 plugins.
Preloading 0 native plugins for Editor in 0.00 ms.
Mono: successfully reloaded assembly
- Completed reload, in  1.785 seconds
Domain Reload Profiling:
	ReloadAssembly (1786ms)
		BeginReloadAssembly (202ms)
			ExecutionOrderSort (0ms)
			DisableScriptedObjects (7ms)
			BackupInstance (0ms)
			ReleaseScriptingObjects (0ms)
			CreateAndSetChildDomain (65ms)
		EndReloadAssembly (1433ms)
			LoadAssemblies (127ms)
			RebuildTransferFunctionScriptingTraits (0ms)
			SetupTypeCache (533ms)
			ReleaseScriptCaches (2ms)
			RebuildScriptCaches (109ms)
			SetupLoadedEditorAssemblies (573ms)
				LogAssemblyErrors (0ms)
				InitializePlatformSupportModulesInManaged (19ms)
				SetLoadedEditorAssemblies (1ms)
				RefreshPlugins (1ms)
				BeforeProcessingInitializeOnLoad (120ms)
				ProcessInitializeOnLoadAttributes (366ms)
				ProcessInitializeOnLoadMethodAttributes (63ms)
				AfterProcessingInitializeOnLoad (4ms)
				EditorAssembliesLoaded (0ms)
			ExecutionOrderSort2 (0ms)
			AwakeInstancesAfterBackupRestoration (12ms)
Platform modules already initialized, skipping
Refreshing native plugins compatible for Editor in 3.18 ms, found 3 plugins.
Preloading 0 native plugins for Editor in 0.00 ms.
Unloading 3963 Unused Serialized files (Serialized files now loaded: 0)
Unloading 33 unused Assets / (1.3 MB). Loaded Objects now: 4508.
Memory consumption went from 224.7 MB to 223.4 MB.
Total: 4.532600 ms (FindLiveObjects: 0.357000 ms CreateObjectMapping: 0.240000 ms MarkObjects: 3.579100 ms  DeleteObjects: 0.354700 ms)

AssetImportParameters requested are different than current active one (requested -> active):
  custom:video-decoder-ogg-theora: a1e56fd34408186e4bbccfd4996cb3dc -> 
  custom:container-muxer-webm: aa71ff27fc2769a1b78a27578f13a17b -> 
  custom:container-demuxer-webm: 4f35f7cbe854078d1ac9338744f61a02 -> 
  custom:video-encoder-webm-vp8: eb34c28f22e8b96e1ab97ce403110664 -> 
  custom:audio-encoder-webm-vorbis: bf7c407c2cedff20999df2af8eb42d56 -> 
  custom:framework-win-MediaFoundation: 216162199b28c13a410421893ffa2e32 -> 
  custom:container-demuxer-ogg: 62fdf1f143b41e24485cea50d1cbac27 -> 
  custom:video-decoder-webm-vp8: 9c59270c3fd7afecdb556c50c9e8de78 -> 
  custom:audio-decoder-ogg-vorbis: bf7c407c2cedff20999df2af8eb42d56 -> 
========================================================================
Received Prepare
Registering precompiled user dll's ...
Registered in 0.005605 seconds.
Begin MonoManager ReloadAssembly
Symbol file LoadedFromMemory doesn't match image E:\WeaponsSystemFPSArcade\Weapons System ARCADE Veapons\Library\PackageCache\com.unity.visualscripting@1.7.8\Editor\VisualScripting.Core\Dependencies\YamlDotNet\Unity.VisualScripting.YamlDotNet.dll
Symbol file LoadedFromMemory doesn't match image E:\WeaponsSystemFPSArcade\Weapons System ARCADE Veapons\Library\PackageCache\com.unity.visualscripting@1.7.8\Editor\VisualScripting.Core\Dependencies\DotNetZip\Unity.VisualScripting.IonicZip.dll
Native extension for UWP target not found
Native extension for WindowsStandalone target not found
Native extension for WebGL target not found
Refreshing native plugins compatible for Editor in 1.03 ms, found 3 plugins.
Preloading 0 native plugins for Editor in 0.00 ms.
Mono: successfully reloaded assembly
- Completed reload, in  1.883 seconds
Domain Reload Profiling:
	ReloadAssembly (1884ms)
		BeginReloadAssembly (218ms)
			ExecutionOrderSort (0ms)
			DisableScriptedObjects (13ms)
			BackupInstance (0ms)
			ReleaseScriptingObjects (0ms)
			CreateAndSetChildDomain (65ms)
		EndReloadAssembly (1505ms)
			LoadAssemblies (138ms)
			RebuildTransferFunctionScriptingTraits (0ms)
			SetupTypeCache (646ms)
			ReleaseScriptCaches (3ms)
			RebuildScriptCaches (88ms)
			SetupLoadedEditorAssemblies (543ms)
				LogAssemblyErrors (0ms)
				InitializePlatformSupportModulesInManaged (27ms)
				SetLoadedEditorAssemblies (1ms)
				RefreshPlugins (1ms)
				BeforeProcessingInitializeOnLoad (112ms)
				ProcessInitializeOnLoadAttributes (351ms)
				ProcessInitializeOnLoadMethodAttributes (48ms)
				AfterProcessingInitializeOnLoad (4ms)
				EditorAssembliesLoaded (0ms)
			ExecutionOrderSort2 (0ms)
			AwakeInstancesAfterBackupRestoration (11ms)
Platform modules already initialized, skipping
Refreshing native plugins compatible for Editor in 2.21 ms, found 3 plugins.
Preloading 0 native plugins for Editor in 0.00 ms.
Unloading 3963 Unused Serialized files (Serialized files now loaded: 0)
Unloading 33 unused Assets / (1.3 MB). Loaded Objects now: 4511.
Memory consumption went from 224.7 MB to 223.4 MB.
Total: 6.603200 ms (FindLiveObjects: 0.335300 ms CreateObjectMapping: 0.222800 ms MarkObjects: 5.634800 ms  DeleteObjects: 0.408900 ms)

AssetImportParameters requested are different than current active one (requested -> active):
  custom:video-decoder-ogg-theora: a1e56fd34408186e4bbccfd4996cb3dc -> 
  custom:container-muxer-webm: aa71ff27fc2769a1b78a27578f13a17b -> 
  custom:container-demuxer-webm: 4f35f7cbe854078d1ac9338744f61a02 -> 
  custom:video-encoder-webm-vp8: eb34c28f22e8b96e1ab97ce403110664 -> 
  custom:audio-encoder-webm-vorbis: bf7c407c2cedff20999df2af8eb42d56 -> 
  custom:framework-win-MediaFoundation: 216162199b28c13a410421893ffa2e32 -> 
  custom:container-demuxer-ogg: 62fdf1f143b41e24485cea50d1cbac27 -> 
  custom:video-decoder-webm-vp8: 9c59270c3fd7afecdb556c50c9e8de78 -> 
  custom:audio-decoder-ogg-vorbis: bf7c407c2cedff20999df2af8eb42d56 -> 
========================================================================
Received Prepare
Registering precompiled user dll's ...
Registered in 0.008039 seconds.
Begin MonoManager ReloadAssembly
Symbol file LoadedFromMemory doesn't match image E:\WeaponsSystemFPSArcade\Weapons System ARCADE Veapons\Library\PackageCache\com.unity.visualscripting@1.7.8\Editor\VisualScripting.Core\Dependencies\YamlDotNet\Unity.VisualScripting.YamlDotNet.dll
Symbol file LoadedFromMemory doesn't match image E:\WeaponsSystemFPSArcade\Weapons System ARCADE Veapons\Library\PackageCache\com.unity.visualscripting@1.7.8\Editor\VisualScripting.Core\Dependencies\DotNetZip\Unity.VisualScripting.IonicZip.dll
Native extension for UWP target not found
Native extension for WindowsStandalone target not found
Native extension for WebGL target not found
Refreshing native plugins compatible for Editor in 1.71 ms, found 3 plugins.
Preloading 0 native plugins for Editor in 0.00 ms.
Mono: successfully reloaded assembly
- Completed reload, in  3.643 seconds
Domain Reload Profiling:
	ReloadAssembly (3644ms)
		BeginReloadAssembly (181ms)
			ExecutionOrderSort (0ms)
			DisableScriptedObjects (9ms)
			BackupInstance (0ms)
			ReleaseScriptingObjects (0ms)
			CreateAndSetChildDomain (53ms)
		EndReloadAssembly (3336ms)
			LoadAssemblies (120ms)
			RebuildTransferFunctionScriptingTraits (0ms)
			SetupTypeCache (1416ms)
			ReleaseScriptCaches (2ms)
			RebuildScriptCaches (69ms)
			SetupLoadedEditorAssemblies (1678ms)
				LogAssemblyErrors (0ms)
				InitializePlatformSupportModulesInManaged (18ms)
				SetLoadedEditorAssemblies (1ms)
				RefreshPlugins (2ms)
				BeforeProcessingInitializeOnLoad (102ms)
				ProcessInitializeOnLoadAttributes (348ms)
				ProcessInitializeOnLoadMethodAttributes (1204ms)
				AfterProcessingInitializeOnLoad (3ms)
				EditorAssembliesLoaded (0ms)
			ExecutionOrderSort2 (0ms)
			AwakeInstancesAfterBackupRestoration (10ms)
Platform modules already initialized, skipping
Refreshing native plugins compatible for Editor in 2.94 ms, found 3 plugins.
Preloading 0 native plugins for Editor in 0.00 ms.
Unloading 5860 Unused Serialized files (Serialized files now loaded: 0)
Unloading 72 unused Assets / (7.8 MB). Loaded Objects now: 5831.
Memory consumption went from 305.5 MB to 297.7 MB.
Total: 9.497700 ms (FindLiveObjects: 0.583800 ms CreateObjectMapping: 0.462600 ms MarkObjects: 3.817300 ms  DeleteObjects: 4.631700 ms)

AssetImportParameters requested are different than current active one (requested -> active):
  custom:video-decoder-ogg-theora: a1e56fd34408186e4bbccfd4996cb3dc -> 
  custom:container-muxer-webm: aa71ff27fc2769a1b78a27578f13a17b -> 
  custom:container-demuxer-webm: 4f35f7cbe854078d1ac9338744f61a02 -> 
  custom:video-encoder-webm-vp8: eb34c28f22e8b96e1ab97ce403110664 -> 
  custom:audio-encoder-webm-vorbis: bf7c407c2cedff20999df2af8eb42d56 -> 
  custom:framework-win-MediaFoundation: 216162199b28c13a410421893ffa2e32 -> 
  custom:container-demuxer-ogg: 62fdf1f143b41e24485cea50d1cbac27 -> 
  custom:video-decoder-webm-vp8: 9c59270c3fd7afecdb556c50c9e8de78 -> 
  custom:audio-decoder-ogg-vorbis: bf7c407c2cedff20999df2af8eb42d56 -> 
========================================================================
Received Prepare
Registering precompiled user dll's ...
Registered in 0.006785 seconds.
Begin MonoManager ReloadAssembly
Symbol file LoadedFromMemory doesn't match image E:\WeaponsSystemFPSArcade\Weapons System ARCADE Veapons\Library\PackageCache\com.unity.visualscripting@1.7.8\Editor\VisualScripting.Core\Dependencies\YamlDotNet\Unity.VisualScripting.YamlDotNet.dll
Symbol file LoadedFromMemory doesn't match image E:\WeaponsSystemFPSArcade\Weapons System ARCADE Veapons\Library\PackageCache\com.unity.visualscripting@1.7.8\Editor\VisualScripting.Core\Dependencies\DotNetZip\Unity.VisualScripting.IonicZip.dll
Native extension for UWP target not found
Native extension for WindowsStandalone target not found
Native extension for WebGL target not found
Refreshing native plugins compatible for Editor in 1.36 ms, found 3 plugins.
Preloading 0 native plugins for Editor in 0.00 ms.
Mono: successfully reloaded assembly
- Completed reload, in  3.870 seconds
Domain Reload Profiling:
	ReloadAssembly (3871ms)
		BeginReloadAssembly (194ms)
			ExecutionOrderSort (0ms)
			DisableScriptedObjects (8ms)
			BackupInstance (0ms)
			ReleaseScriptingObjects (0ms)
			CreateAndSetChildDomain (60ms)
		EndReloadAssembly (3523ms)
			LoadAssemblies (123ms)
			RebuildTransferFunctionScriptingTraits (0ms)
			SetupTypeCache (476ms)
			ReleaseScriptCaches (2ms)
			RebuildScriptCaches (78ms)
			SetupLoadedEditorAssemblies (2788ms)
				LogAssemblyErrors (0ms)
				InitializePlatformSupportModulesInManaged (18ms)
				SetLoadedEditorAssemblies (1ms)
				RefreshPlugins (1ms)
				BeforeProcessingInitializeOnLoad (108ms)
				ProcessInitializeOnLoadAttributes (320ms)
				ProcessInitializeOnLoadMethodAttributes (2334ms)
				AfterProcessingInitializeOnLoad (4ms)
				EditorAssembliesLoaded (0ms)
			ExecutionOrderSort2 (0ms)
			AwakeInstancesAfterBackupRestoration (13ms)
Platform modules already initialized, skipping
Refreshing native plugins compatible for Editor in 3.66 ms, found 3 plugins.
Preloading 0 native plugins for Editor in 0.00 ms.
Unloading 6679 Unused Serialized files (Serialized files now loaded: 3)
Unloading 73 unused Assets / (9.4 MB). Loaded Objects now: 5837.
Memory consumption went from 357.2 MB to 347.8 MB.
Total: 25.610800 ms (FindLiveObjects: 1.236800 ms CreateObjectMapping: 0.575700 ms MarkObjects: 17.850500 ms  DeleteObjects: 5.946000 ms)

AssetImportParameters requested are different than current active one (requested -> active):
  custom:video-decoder-ogg-theora: a1e56fd34408186e4bbccfd4996cb3dc -> 
  custom:container-muxer-webm: aa71ff27fc2769a1b78a27578f13a17b -> 
  custom:container-demuxer-webm: 4f35f7cbe854078d1ac9338744f61a02 -> 
  custom:video-encoder-webm-vp8: eb34c28f22e8b96e1ab97ce403110664 -> 
  custom:audio-encoder-webm-vorbis: bf7c407c2cedff20999df2af8eb42d56 -> 
  custom:framework-win-MediaFoundation: 216162199b28c13a410421893ffa2e32 -> 
  custom:container-demuxer-ogg: 62fdf1f143b41e24485cea50d1cbac27 -> 
  custom:video-decoder-webm-vp8: 9c59270c3fd7afecdb556c50c9e8de78 -> 
  custom:audio-decoder-ogg-vorbis: bf7c407c2cedff20999df2af8eb42d56 -> 
========================================================================
Received Import Request.
  Time since last request: 35587.880151 seconds.
  path: Assets/NeoFPS
  artifactKey: Guid(45db46ecdc3ff7b4aa271b83bb668d54) Importer(815301076,1909f56bfc062723c751e8b465ee728b)
Start importing Assets/NeoFPS using Guid(45db46ecdc3ff7b4aa271b83bb668d54) Importer(815301076,1909f56bfc062723c751e8b465ee728b)  -> (artifact id: '2e694ebd8c82e5ce0f294d139ffa8f90') in 0.039447 seconds 
========================================================================
Received Import Request.
  Time since last request: 0.011275 seconds.
  path: Assets/NeoFPS/NeoFPS.asmdef
  artifactKey: Guid(b22cc7aeff6b7b54d90c4dc0aa4396f2) Importer(815301076,1909f56bfc062723c751e8b465ee728b)
Start importing Assets/NeoFPS/NeoFPS.asmdef using Guid(b22cc7aeff6b7b54d90c4dc0aa4396f2) Importer(815301076,1909f56bfc062723c751e8b465ee728b)  -> (artifact id: 'abde46f658fe6b022cc49366b4f8262b') in 0.052801 seconds 
========================================================================
Received Import Request.
  Time since last request: 5.141450 seconds.
  path: Assets/NeoFPS/Samples
  artifactKey: Guid(3b393d3e56288a84fbd4c612d0f0733c) Importer(815301076,1909f56bfc062723c751e8b465ee728b)
Start importing Assets/NeoFPS/Samples using Guid(3b393d3e56288a84fbd4c612d0f0733c) Importer(815301076,1909f56bfc062723c751e8b465ee728b)  -> (artifact id: '02492acb419a2f564b1b4684e32e053b') in 0.008993 seconds 
========================================================================
Received Import Request.
  Time since last request: 2.786901 seconds.
  path: Assets/NeoFPS/Samples/SinglePlayer
  artifactKey: Guid(c4f8ba99c9e38b749b6b1c43889b91c2) Importer(815301076,1909f56bfc062723c751e8b465ee728b)
Start importing Assets/NeoFPS/Samples/SinglePlayer using Guid(c4f8ba99c9e38b749b6b1c43889b91c2) Importer(815301076,1909f56bfc062723c751e8b465ee728b)  -> (artifact id: '149e5b447a34bc53cadcb2e1a03991d9') in 0.009911 seconds 
========================================================================
Received Import Request.
  Time since last request: 1.158703 seconds.
  path: Assets/NeoFPS/Samples/SinglePlayer/Scenes
  artifactKey: Guid(2c12aba62c8c2994386e897b551bf212) Importer(815301076,1909f56bfc062723c751e8b465ee728b)
Start importing Assets/NeoFPS/Samples/SinglePlayer/Scenes using Guid(2c12aba62c8c2994386e897b551bf212) Importer(815301076,1909f56bfc062723c751e8b465ee728b)  -> (artifact id: 'a5ce3790974b7e6177917b673c511f87') in 0.030170 seconds 
========================================================================
Received Import Request.
  Time since last request: 1.877651 seconds.
  path: Assets/NeoFPS/Samples/SinglePlayer/Scenes/FeatureDemos
  artifactKey: Guid(8d1ded66846230244a82a037d1ea16c8) Importer(815301076,1909f56bfc062723c751e8b465ee728b)
Start importing Assets/NeoFPS/Samples/SinglePlayer/Scenes/FeatureDemos using Guid(8d1ded66846230244a82a037d1ea16c8) Importer(815301076,1909f56bfc062723c751e8b465ee728b)  -> (artifact id: '360d80e1bdf76091b25070f5b62efc70') in 0.011831 seconds 
========================================================================
Received Import Request.
  Time since last request: 7.314217 seconds.
  path: Assets/NeoFPS/Samples/SinglePlayer/Scenes/FeatureDemos/Template
  artifactKey: Guid(e62b0a8a1a351014cb2b669eb2a11b50) Importer(815301076,1909f56bfc062723c751e8b465ee728b)
Start importing Assets/NeoFPS/Samples/SinglePlayer/Scenes/FeatureDemos/Template using Guid(e62b0a8a1a351014cb2b669eb2a11b50) Importer(815301076,1909f56bfc062723c751e8b465ee728b)  -> (artifact id: '8df57965756c25b2f57ffcada61ab3af') in 0.011712 seconds 
========================================================================
Received Import Request.
  Time since last request: 1.373161 seconds.
  path: Assets/NeoFPS/Samples/SinglePlayer/Scenes/FeatureDemos/Template/FeatureDemo_Template.unity
  artifactKey: Guid(2b96d9ab2d2ae0340969f6886e2c4c87) Importer(815301076,1909f56bfc062723c751e8b465ee728b)
Start importing Assets/NeoFPS/Samples/SinglePlayer/Scenes/FeatureDemos/Template/FeatureDemo_Template.unity using Guid(2b96d9ab2d2ae0340969f6886e2c4c87) Importer(815301076,1909f56bfc062723c751e8b465ee728b)  -> (artifact id: '63ee20339a5a2279494f453545b2c060') in 0.006047 seconds 
========================================================================
Received Import Request.
  Time since last request: 10.206042 seconds.
  path: Assets/NeoFPS/Samples/SinglePlayer/Scenes/FeatureDemos/Template/Readme
  artifactKey: Guid(65a75efd1883e144d82178972da4aa8d) Importer(815301076,1909f56bfc062723c751e8b465ee728b)
Start importing Assets/NeoFPS/Samples/SinglePlayer/Scenes/FeatureDemos/Template/Readme using Guid(65a75efd1883e144d82178972da4aa8d) Importer(815301076,1909f56bfc062723c751e8b465ee728b)  -> (artifact id: '446036d839cf200a2276563361b39a02') in 0.034754 seconds 
========================================================================
Received Import Request.
  Time since last request: 0.041429 seconds.
  path: Assets/NeoFPS/Samples/SinglePlayer/Scenes/FeatureDemos/Template/Readme/DemoReadmeThumbnail_Placeholder.png
  artifactKey: Guid(fd8fff979843851468c1f9d4d9d05875) Importer(815301076,1909f56bfc062723c751e8b465ee728b)
Start importing Assets/NeoFPS/Samples/SinglePlayer/Scenes/FeatureDemos/Template/Readme/DemoReadmeThumbnail_Placeholder.png using Guid(fd8fff979843851468c1f9d4d9d05875) Importer(815301076,1909f56bfc062723c751e8b465ee728b)  -> (artifact id: '1a9d816bbfff5c198ba73095c57384c3') in 0.196437 seconds 
========================================================================
Received Import Request.
  Time since last request: 3.027951 seconds.
  path: Assets/NeoFPS/Samples/SinglePlayer/Scenes/FeatureDemos/Template/FeatureDemo_Template
  artifactKey: Guid(ca2db9a5b2aa83c4588620c3bac14872) Importer(815301076,1909f56bfc062723c751e8b465ee728b)
Start importing Assets/NeoFPS/Samples/SinglePlayer/Scenes/FeatureDemos/Template/FeatureDemo_Template using Guid(ca2db9a5b2aa83c4588620c3bac14872) Importer(815301076,1909f56bfc062723c751e8b465ee728b)  -> (artifact id: '25ed82302fd01b7618dfa690649ea360') in 0.013177 seconds 
========================================================================
Received Import Request.
  Time since last request: 0.050793 seconds.
  path: Assets/NeoFPS/Samples/SinglePlayer/Scenes/FeatureDemos/Template/FeatureDemo_Template/LightingData.asset
  artifactKey: Guid(dc0cc397bb97de147911e12f8401aafb) Importer(815301076,1909f56bfc062723c751e8b465ee728b)
Start importing Assets/NeoFPS/Samples/SinglePlayer/Scenes/FeatureDemos/Template/FeatureDemo_Template/LightingData.asset using Guid(dc0cc397bb97de147911e12f8401aafb) Importer(815301076,1909f56bfc062723c751e8b465ee728b)  -> (artifact id: 'b9134399c62bc8b759e5ad8ab8b72835') in 0.030446 seconds 
========================================================================
Received Import Request.
  Time since last request: 0.000028 seconds.
  path: Assets/NeoFPS/Samples/SinglePlayer/Scenes/FeatureDemos/Template/FeatureDemo_Template/Lightmap-7_comp_shadowmask.png
  artifactKey: Guid(7cf042ae02f476441976d55e6c47525e) Importer(815301076,1909f56bfc062723c751e8b465ee728b)
Start importing Assets/NeoFPS/Samples/SinglePlayer/Scenes/FeatureDemos/Template/FeatureDemo_Template/Lightmap-7_comp_shadowmask.png using Guid(7cf042ae02f476441976d55e6c47525e) Importer(815301076,1909f56bfc062723c751e8b465ee728b)  -> (artifact id: '976994753a3e824f7c2be76d8807eb4f') in 0.032443 seconds 
========================================================================
Received Import Request.
  Time since last request: 0.000035 seconds.
  path: Assets/NeoFPS/Samples/SinglePlayer/Scenes/FeatureDemos/Template/FeatureDemo_Template/Lightmap-7_comp_light.exr
  artifactKey: Guid(21fd62f7efd09124288128f74bf9d4fd) Importer(815301076,1909f56bfc062723c751e8b465ee728b)
Start importing Assets/NeoFPS/Samples/SinglePlayer/Scenes/FeatureDemos/Template/FeatureDemo_Template/Lightmap-7_comp_light.exr using Guid(21fd62f7efd09124288128f74bf9d4fd) Importer(815301076,1909f56bfc062723c751e8b465ee728b)  -> (artifact id: 'f25e5b27f8ee3bd085ac0dba0210209a') in 0.386802 seconds 
========================================================================
Received Import Request.
  Time since last request: 0.000030 seconds.
  path: Assets/NeoFPS/Samples/SinglePlayer/Scenes/FeatureDemos/Template/FeatureDemo_Template/Lightmap-2_comp_shadowmask.png
  artifactKey: Guid(7281e368ecc6b454e9d11d84fcac68cc) Importer(815301076,1909f56bfc062723c751e8b465ee728b)
Start importing Assets/NeoFPS/Samples/SinglePlayer/Scenes/FeatureDemos/Template/FeatureDemo_Template/Lightmap-2_comp_shadowmask.png using Guid(7281e368ecc6b454e9d11d84fcac68cc) Importer(815301076,1909f56bfc062723c751e8b465ee728b)  -> (artifact id: '7a0f5298f0eb1a09c13dfaf847065493') in 0.032873 seconds 
========================================================================
Received Import Request.
  Time since last request: 0.000038 seconds.
  path: Assets/NeoFPS/Samples/SinglePlayer/Scenes/FeatureDemos/Template/FeatureDemo_Template/Lightmap-5_comp_shadowmask.png
  artifactKey: Guid(ecd7ee017a5d0e24092b2af5a6e9a2e8) Importer(815301076,1909f56bfc062723c751e8b465ee728b)
Start importing Assets/NeoFPS/Samples/SinglePlayer/Scenes/FeatureDemos/Template/FeatureDemo_Template/Lightmap-5_comp_shadowmask.png using Guid(ecd7ee017a5d0e24092b2af5a6e9a2e8) Importer(815301076,1909f56bfc062723c751e8b465ee728b)  -> (artifact id: 'e84e4a31e78efa271c545354a69ee422') in 0.041221 seconds 
========================================================================
Received Import Request.
  Time since last request: 0.000026 seconds.
  path: Assets/NeoFPS/Samples/SinglePlayer/Scenes/FeatureDemos/Template/FeatureDemo_Template/Lightmap-4_comp_light.exr
  artifactKey: Guid(65b7d78eb4509b849b5cb211b29a5368) Importer(815301076,1909f56bfc062723c751e8b465ee728b)
Start importing Assets/NeoFPS/Samples/SinglePlayer/Scenes/FeatureDemos/Template/FeatureDemo_Template/Lightmap-4_comp_light.exr using Guid(65b7d78eb4509b849b5cb211b29a5368) Importer(815301076,1909f56bfc062723c751e8b465ee728b)  -> (artifact id: '4f0f44c0b5524aa539df13f593527bb7') in 0.030250 seconds 
========================================================================
Received Import Request.
  Time since last request: 0.000028 seconds.
  path: Assets/NeoFPS/Samples/SinglePlayer/Scenes/FeatureDemos/Template/FeatureDemo_Template/Lightmap-2_comp_light.exr
  artifactKey: Guid(cc567136e899efe4ba3052a1d0312c56) Importer(815301076,1909f56bfc062723c751e8b465ee728b)
Start importing Assets/NeoFPS/Samples/SinglePlayer/Scenes/FeatureDemos/Template/FeatureDemo_Template/Lightmap-2_comp_light.exr using Guid(cc567136e899efe4ba3052a1d0312c56) Importer(815301076,1909f56bfc062723c751e8b465ee728b)  -> (artifact id: '6071bd0611c9b8f2d03ab2213882a377') in 0.036385 seconds 
========================================================================
Received Import Request.
  Time since last request: 0.000030 seconds.
  path: Assets/NeoFPS/Samples/SinglePlayer/Scenes/FeatureDemos/Template/FeatureDemo_Template/Lightmap-0_comp_shadowmask.png
  artifactKey: Guid(82a69a04dc2647949adb095d37dc64bf) Importer(815301076,1909f56bfc062723c751e8b465ee728b)
Start importing Assets/NeoFPS/Samples/SinglePlayer/Scenes/FeatureDemos/Template/FeatureDemo_Template/Lightmap-0_comp_shadowmask.png using Guid(82a69a04dc2647949adb095d37dc64bf) Importer(815301076,1909f56bfc062723c751e8b465ee728b)  -> (artifact id: 'da35d189490f3b15ca1897e9542ea171') in 0.023870 seconds 
========================================================================
Received Import Request.
  Time since last request: 0.000038 seconds.
  path: Assets/NeoFPS/Samples/SinglePlayer/Scenes/FeatureDemos/Template/FeatureDemo_Template/Lightmap-6_comp_light.exr
  artifactKey: Guid(7a182800a017fde41a6fc8b05a020371) Importer(815301076,1909f56bfc062723c751e8b465ee728b)
Start importing Assets/NeoFPS/Samples/SinglePlayer/Scenes/FeatureDemos/Template/FeatureDemo_Template/Lightmap-6_comp_light.exr using Guid(7a182800a017fde41a6fc8b05a020371) Importer(815301076,1909f56bfc062723c751e8b465ee728b)  -> (artifact id: '3adeb54e25c2bba0a1d60796019ff891') in 0.046864 seconds 
========================================================================
Received Import Request.
  Time since last request: 0.000041 seconds.
  path: Assets/NeoFPS/Samples/SinglePlayer/Scenes/FeatureDemos/Template/FeatureDemo_Template/ReflectionProbe-0.exr
  artifactKey: Guid(880ef3a15a7857d4e875d2f8a9a13990) Importer(815301076,1909f56bfc062723c751e8b465ee728b)
Start importing Assets/NeoFPS/Samples/SinglePlayer/Scenes/FeatureDemos/Template/FeatureDemo_Template/ReflectionProbe-0.exr using Guid(880ef3a15a7857d4e875d2f8a9a13990) Importer(815301076,1909f56bfc062723c751e8b465ee728b)  -> (artifact id: 'a7ec6f66c8ebea22e57051a8bbec25f3') in 0.328898 seconds 
========================================================================
Received Import Request.
  Time since last request: 5.911688 seconds.
  path: Assets/NeoFPS/Samples/SinglePlayer/Scenes/DemoFacility
  artifactKey: Guid(354d6f2a72391cf40a5cf5f83287501a) Importer(815301076,1909f56bfc062723c751e8b465ee728b)
Start importing Assets/NeoFPS/Samples/SinglePlayer/Scenes/DemoFacility using Guid(354d6f2a72391cf40a5cf5f83287501a) Importer(815301076,1909f56bfc062723c751e8b465ee728b)  -> (artifact id: '81389627116f8237309fd5941bab7fe0') in 0.012798 seconds 
========================================================================
Received Import Request.
  Time since last request: 3.453433 seconds.
  path: Assets/NeoFPS/Samples/SinglePlayer/Scenes/DemoFacility/DemoFacility_Scene.unity
  artifactKey: Guid(7bf5c9ff45d591a47ae9fd2c838c63e8) Importer(815301076,1909f56bfc062723c751e8b465ee728b)
Start importing Assets/NeoFPS/Samples/SinglePlayer/Scenes/DemoFacility/DemoFacility_Scene.unity using Guid(7bf5c9ff45d591a47ae9fd2c838c63e8) Importer(815301076,1909f56bfc062723c751e8b465ee728b)  -> (artifact id: 'c86f575e5d5413797287ec8a620f0837') in 0.012054 seconds 
========================================================================
Received Prepare
Registering precompiled user dll's ...
Registered in 0.009361 seconds.
Begin MonoManager ReloadAssembly
Symbol file LoadedFromMemory doesn't match image E:\WeaponsSystemFPSArcade\Weapons System ARCADE Veapons\Library\PackageCache\com.unity.visualscripting@1.7.8\Editor\VisualScripting.Core\Dependencies\YamlDotNet\Unity.VisualScripting.YamlDotNet.dll
Symbol file LoadedFromMemory doesn't match image E:\WeaponsSystemFPSArcade\Weapons System ARCADE Veapons\Library\PackageCache\com.unity.visualscripting@1.7.8\Editor\VisualScripting.Core\Dependencies\DotNetZip\Unity.VisualScripting.IonicZip.dll
Native extension for UWP target not found
Native extension for WindowsStandalone target not found
Native extension for WebGL target not found
Refreshing native plugins compatible for Editor in 2.04 ms, found 3 plugins.
Preloading 0 native plugins for Editor in 0.00 ms.
Mono: successfully reloaded assembly
- Completed reload, in  4.917 seconds
Domain Reload Profiling:
	ReloadAssembly (4918ms)
		BeginReloadAssembly (216ms)
			ExecutionOrderSort (0ms)
			DisableScriptedObjects (11ms)
			BackupInstance (0ms)
			ReleaseScriptingObjects (0ms)
			CreateAndSetChildDomain (75ms)
		EndReloadAssembly (4491ms)
			LoadAssemblies (154ms)
			RebuildTransferFunctionScriptingTraits (0ms)
			SetupTypeCache (538ms)
			ReleaseScriptCaches (2ms)
			RebuildScriptCaches (83ms)
			SetupLoadedEditorAssemblies (3621ms)
				LogAssemblyErrors (0ms)
				InitializePlatformSupportModulesInManaged (22ms)
				SetLoadedEditorAssemblies (1ms)
				RefreshPlugins (2ms)
				BeforeProcessingInitializeOnLoad (116ms)
				ProcessInitializeOnLoadAttributes (479ms)
				ProcessInitializeOnLoadMethodAttributes (2996ms)
				AfterProcessingInitializeOnLoad (4ms)
				EditorAssembliesLoaded (0ms)
			ExecutionOrderSort2 (0ms)
			AwakeInstancesAfterBackupRestoration (14ms)
Platform modules already initialized, skipping
Refreshing native plugins compatible for Editor in 3.54 ms, found 3 plugins.
Preloading 0 native plugins for Editor in 0.00 ms.
Unloading 6679 Unused Serialized files (Serialized files now loaded: 3)
Unloading 73 unused Assets / (9.4 MB). Loaded Objects now: 5876.
Memory consumption went from 361.2 MB to 351.8 MB.
Total: 19.935100 ms (FindLiveObjects: 0.750200 ms CreateObjectMapping: 0.638400 ms MarkObjects: 11.724800 ms  DeleteObjects: 6.820100 ms)

AssetImportParameters requested are different than current active one (requested -> active):
  custom:video-decoder-ogg-theora: a1e56fd34408186e4bbccfd4996cb3dc -> 
  custom:container-muxer-webm: aa71ff27fc2769a1b78a27578f13a17b -> 
  custom:container-demuxer-webm: 4f35f7cbe854078d1ac9338744f61a02 -> 
  custom:video-encoder-webm-vp8: eb34c28f22e8b96e1ab97ce403110664 -> 
  custom:audio-encoder-webm-vorbis: bf7c407c2cedff20999df2af8eb42d56 -> 
  custom:framework-win-MediaFoundation: 216162199b28c13a410421893ffa2e32 -> 
  custom:container-demuxer-ogg: 62fdf1f143b41e24485cea50d1cbac27 -> 
  custom:video-decoder-webm-vp8: 9c59270c3fd7afecdb556c50c9e8de78 -> 
  custom:audio-decoder-ogg-vorbis: bf7c407c2cedff20999df2af8eb42d56 -> 
========================================================================
Received Prepare
Registering precompiled user dll's ...
Registered in 0.005589 seconds.
Begin MonoManager ReloadAssembly
Symbol file LoadedFromMemory doesn't match image E:\WeaponsSystemFPSArcade\Weapons System ARCADE Veapons\Library\PackageCache\com.unity.visualscripting@1.7.8\Editor\VisualScripting.Core\Dependencies\YamlDotNet\Unity.VisualScripting.YamlDotNet.dll
Symbol file LoadedFromMemory doesn't match image E:\WeaponsSystemFPSArcade\Weapons System ARCADE Veapons\Library\PackageCache\com.unity.visualscripting@1.7.8\Editor\VisualScripting.Core\Dependencies\DotNetZip\Unity.VisualScripting.IonicZip.dll
Native extension for UWP target not found
Native extension for WindowsStandalone target not found
Native extension for WebGL target not found
Refreshing native plugins compatible for Editor in 1.99 ms, found 3 plugins.
Preloading 0 native plugins for Editor in 0.00 ms.
Mono: successfully reloaded assembly
- Completed reload, in  5.631 seconds
Domain Reload Profiling:
	ReloadAssembly (5632ms)
		BeginReloadAssembly (226ms)
			ExecutionOrderSort (0ms)
			DisableScriptedObjects (8ms)
			BackupInstance (0ms)
			ReleaseScriptingObjects (0ms)
			CreateAndSetChildDomain (82ms)
		EndReloadAssembly (5242ms)
			LoadAssemblies (145ms)
			RebuildTransferFunctionScriptingTraits (0ms)
			SetupTypeCache (535ms)
			ReleaseScriptCaches (5ms)
			RebuildScriptCaches (86ms)
			SetupLoadedEditorAssemblies (4402ms)
				LogAssemblyErrors (0ms)
				InitializePlatformSupportModulesInManaged (22ms)
				SetLoadedEditorAssemblies (1ms)
				RefreshPlugins (2ms)
				BeforeProcessingInitializeOnLoad (123ms)
				ProcessInitializeOnLoadAttributes (387ms)
				ProcessInitializeOnLoadMethodAttributes (3860ms)
				AfterProcessingInitializeOnLoad (6ms)
				EditorAssembliesLoaded (1ms)
			ExecutionOrderSort2 (0ms)
			AwakeInstancesAfterBackupRestoration (15ms)
Platform modules already initialized, skipping
Refreshing native plugins compatible for Editor in 3.98 ms, found 3 plugins.
Preloading 0 native plugins for Editor in 0.00 ms.
Unloading 6679 Unused Serialized files (Serialized files now loaded: 3)
Unloading 73 unused Assets / (9.4 MB). Loaded Objects now: 5879.
Memory consumption went from 361.2 MB to 351.8 MB.
Total: 24.600400 ms (FindLiveObjects: 0.750700 ms CreateObjectMapping: 5.446000 ms MarkObjects: 6.815100 ms  DeleteObjects: 11.586200 ms)

AssetImportParameters requested are different than current active one (requested -> active):
  custom:video-decoder-ogg-theora: a1e56fd34408186e4bbccfd4996cb3dc -> 
  custom:container-muxer-webm: aa71ff27fc2769a1b78a27578f13a17b -> 
  custom:container-demuxer-webm: 4f35f7cbe854078d1ac9338744f61a02 -> 
  custom:video-encoder-webm-vp8: eb34c28f22e8b96e1ab97ce403110664 -> 
  custom:audio-encoder-webm-vorbis: bf7c407c2cedff20999df2af8eb42d56 -> 
  custom:framework-win-MediaFoundation: 216162199b28c13a410421893ffa2e32 -> 
  custom:container-demuxer-ogg: 62fdf1f143b41e24485cea50d1cbac27 -> 
  custom:video-decoder-webm-vp8: 9c59270c3fd7afecdb556c50c9e8de78 -> 
  custom:audio-decoder-ogg-vorbis: bf7c407c2cedff20999df2af8eb42d56 -> 
